#
# A fatal error has been detected by the Java Runtime Environment:
#
#  EXCEPTION_ACCESS_VIOLATION (0xc0000005) at pc=0x7b3e757e, pid=8148, tid=0x00001df8
#
# JRE version: Java(TM) SE Runtime Environment (8.0_191-b12) (build 1.8.0_191-b12)
# Java VM: Java HotSpot(TM) Client VM (25.191-b12 mixed mode windows-x86 )
# Problematic frame:
# V  [jvm.dll+0xe757e]
#
# Failed to write core dump. Minidumps are not enabled by default on client versions of Windows
#
# If you would like to submit a bug report, please visit:
#   http://bugreport.java.com/bugreport/crash.jsp
#

---------------  T H R E A D  ---------------

Current thread (0x284f0c00):  JavaThread "EventThread COM5" [_thread_in_vm, id=7672, stack(0x02dc0000,0x02e10000)]

siginfo: ExceptionCode=0xc0000005, reading address 0x00000000

Registers:
EAX=0x00000000, EBX=0x28c013f0, ECX=0x284f0c00, EDX=0x0000009f
ESP=0x02e0e45c, EBP=0x02e0e478, ESI=0x00000000, EDI=0x284f0c00
EIP=0x7b3e757e, EFLAGS=0x00010246

Top of Stack: (sp=0x02e0e45c)
0x02e0e45c:   02e0e494 284f0d40 28c013f0 284f0c00
0x02e0e46c:   281f93ac 0000009f 7b5e5568 02e0ef78
0x02e0e47c:   6400183d 284f0d40 00000000 00000000
0x02e0e48c:   00000aa0 02e0e494 5448202f 312f5054
0x02e0e49c:   0a0d312e 74736f48 3931203a 36312e32
0x02e0e4ac:   2e312e38 0d333231 6e6f430a 7463656e
0x02e0e4bc:   3a6e6f69 65656b20 6c612d70 0d657669
0x02e0e4cc:   6361430a 432d6568 72746e6f 203a6c6f 

Instructions: (pc=0x7b3e757e)
0x7b3e755e:   c4 08 83 7f 04 00 89 7d f0 c7 45 f4 00 00 00 00
0x7b3e756e:   74 08 8d 4d f0 e8 e8 34 0c 00 8b 75 10 8b 45 0c
0x7b3e757e:   8b 10 85 f6 78 32 8b 45 14 85 c0 78 2b 8d 0c 06
0x7b3e758e:   3b 4a 08 77 23 85 c0 7e 3b 8b 4a 04 8b 49 04 83 


Register to memory mapping:

EAX=0x00000000 is an unknown value
EBX=0x28c013f0 is an unknown value
ECX=0x284f0c00 is a thread
EDX=0x0000009f is an unknown value
ESP=0x02e0e45c is pointing into the stack for thread: 0x284f0c00
EBP=0x02e0e478 is pointing into the stack for thread: 0x284f0c00
ESI=0x00000000 is an unknown value
EDI=0x284f0c00 is a thread


Stack: [0x02dc0000,0x02e10000],  sp=0x02e0e45c,  free space=313k
Native frames: (J=compiled Java code, j=interpreted, Vv=VM code, C=native code)
V  [jvm.dll+0xe757e]
C  [jSSC-2.8_x86.dll+0x183d]
J 6724  jssc.SerialNativeInterface.readBytes(JI)[B (0 bytes) @ 0x034af525 [0x034af490+0x95]
J 12915 C1 processing.app.Serial.serialEvent(Ljssc/SerialPortEvent;)V (195 bytes) @ 0x03510334 [0x03510200+0x134]
J 7202 C1 jssc.SerialPort$EventThread.run()V (84 bytes) @ 0x0366a88c [0x0366a730+0x15c]
v  ~StubRoutines::call_stub
V  [jvm.dll+0x15c315]
V  [jvm.dll+0x223ece]
V  [jvm.dll+0x15c3ae]
V  [jvm.dll+0x15c536]
V  [jvm.dll+0x15c5a7]
V  [jvm.dll+0x1002ef]
V  [jvm.dll+0x17f550]
V  [jvm.dll+0x17fdca]
V  [jvm.dll+0x1c57a6]
C  [msvcr100.dll+0x5c556]
C  [msvcr100.dll+0x5c600]
C  [KERNEL32.DLL+0x16359]
C  [ntdll.dll+0x67b74]
C  [ntdll.dll+0x67b44]
C  0x00000000

Java frames: (J=compiled Java code, j=interpreted, Vv=VM code)
J 6724  jssc.SerialNativeInterface.readBytes(JI)[B (0 bytes) @ 0x034af4e1 [0x034af490+0x51]
J 12915 C1 processing.app.Serial.serialEvent(Ljssc/SerialPortEvent;)V (195 bytes) @ 0x03510334 [0x03510200+0x134]
J 7202 C1 jssc.SerialPort$EventThread.run()V (84 bytes) @ 0x0366a88c [0x0366a730+0x15c]
v  ~StubRoutines::call_stub

---------------  P R O C E S S  ---------------

Java Threads: ( => current thread )
=>0x284f0c00 JavaThread "EventThread COM5" [_thread_in_vm, id=7672, stack(0x02dc0000,0x02e10000)]
  0x284f3000 JavaThread "DestroyJavaVM" [_thread_blocked, id=14600, stack(0x02e90000,0x02ee0000)]
  0x284f4800 JavaThread "TimerQueue" daemon [_thread_blocked, id=3444, stack(0x2afd0000,0x2b020000)]
  0x284ee000 JavaThread "AWT-EventQueue-0" [_thread_blocked, id=9040, stack(0x29270000,0x292c0000)]
  0x284f0400 JavaThread "AWT-Shutdown" [_thread_blocked, id=14728, stack(0x291e0000,0x29230000)]
  0x284ee400 JavaThread "Batik CleanerThread" daemon [_thread_blocked, id=5316, stack(0x2bd00000,0x2bd50000)]
  0x284efc00 JavaThread "Swing-Shell" daemon [_thread_blocked, id=3388, stack(0x2a830000,0x2a880000)]
  0x284f2400 JavaThread "JmDNS(LAPTOP-H96VB6ON.local.).State.Timer" [_thread_blocked, id=14296, stack(0x29520000,0x29570000)]
  0x28438400 JavaThread "JmDNS(LAPTOP-H96VB6ON.local.).Timer" daemon [_thread_blocked, id=6540, stack(0x29490000,0x294e0000)]
  0x2843bc00 JavaThread "SocketListener(LAPTOP-H96VB6ON.local.)" daemon [_thread_blocked, id=1084, stack(0x29400000,0x29450000)]
  0x28439000 JavaThread "JmDNS(fe80-0-0-0-ecca-fbab-494f-e48a-eth1.local.).State.Timer" [_thread_blocked, id=13696, stack(0x27cc0000,0x27d10000)]
  0x2843a400 JavaThread "JmDNS(fe80-0-0-0-ecca-fbab-494f-e48a-eth1.local.).Timer" daemon [_thread_blocked, id=6936, stack(0x27980000,0x279d0000)]
  0x28438800 JavaThread "SocketListener(fe80-0-0-0-ecca-fbab-494f-e48a-eth1.local.)" daemon [_thread_in_native, id=14152, stack(0x278f0000,0x27940000)]
  0x2843a800 JavaThread "JmDNS(10-8-0-19.local.).State.Timer" [_thread_blocked, id=4048, stack(0x27b30000,0x27b80000)]
  0x28439c00 JavaThread "JmDNS(10-8-0-19.local.).Timer" daemon [_thread_blocked, id=5080, stack(0x27aa0000,0x27af0000)]
  0x28439400 JavaThread "SocketListener(10-8-0-19.local.)" daemon [_thread_in_native, id=11208, stack(0x27a10000,0x27a60000)]
  0x283a6800 JavaThread "JmDNS(LAPTOP-H96VB6ON.local.).State.Timer" [_thread_blocked, id=14040, stack(0x27720000,0x27770000)]
  0x283a6000 JavaThread "JmDNS(LAPTOP-H96VB6ON.local.).Timer" daemon [_thread_blocked, id=5716, stack(0x27690000,0x276e0000)]
  0x28389400 JavaThread "SocketListener(LAPTOP-H96VB6ON.local.)" daemon [_thread_blocked, id=13468, stack(0x27380000,0x273d0000)]
  0x282db400 JavaThread "Multihomed mDNS.Timer" daemon [_thread_blocked, id=13512, stack(0x28e30000,0x28e80000)]
  0x282d9400 JavaThread "cc.arduino.packages.discoverers.serial.SerialDiscovery" [_thread_blocked, id=1724, stack(0x28f50000,0x28fa0000)]
  0x26f0fc00 JavaThread "AWT-Windows" daemon [_thread_in_native, id=7016, stack(0x27410000,0x27460000)]
  0x26f0e400 JavaThread "Java2D Disposer" daemon [_thread_blocked, id=1476, stack(0x272f0000,0x27340000)]
  0x2654fc00 JavaThread "Service Thread" daemon [_thread_blocked, id=2420, stack(0x26b90000,0x26be0000)]
  0x26521800 JavaThread "C1 CompilerThread0" daemon [_thread_blocked, id=14592, stack(0x26b00000,0x26b50000)]
  0x2651f800 JavaThread "Attach Listener" daemon [_thread_blocked, id=5696, stack(0x26a70000,0x26ac0000)]
  0x2651d800 JavaThread "Signal Dispatcher" daemon [_thread_blocked, id=3372, stack(0x269e0000,0x26a30000)]
  0x2650d000 JavaThread "Finalizer" daemon [_thread_blocked, id=1996, stack(0x26850000,0x268a0000)]
  0x26507400 JavaThread "Reference Handler" daemon [_thread_blocked, id=2712, stack(0x267c0000,0x26810000)]

Other Threads:
  0x264f1000 VMThread [stack: 0x26730000,0x26780000] [id=7656]
  0x26532400 WatcherThread [stack: 0x26c20000,0x26c70000] [id=13880]

VM state:synchronizing (normal execution)

VM Mutex/Monitor currently owned by a thread:  ([mutex/lock_event])
[0x02f0e0d0] Threads_lock - owner thread: 0x264f1000
[0x02f0e9c0] Heap_lock - owner thread: 0x282d9400

Heap:
 def new generation   total 157248K, used 157248K [0x05400000, 0x0fea0000, 0x0fea0000)
  eden space 139776K, 100% used [0x05400000, 0x0dc80000, 0x0dc80000)
  from space 17472K, 100% used [0x0ed90000, 0x0fea0000, 0x0fea0000)
  to   space 17472K,   0% used [0x0dc80000, 0x0dc80000, 0x0ed90000)
 tenured generation   total 349568K, used 349567K [0x0fea0000, 0x25400000, 0x25400000)
   the space 349568K,  99% used [0x0fea0000, 0x253ffff8, 0x25400000, 0x25400000)
 Metaspace       used 29445K, capacity 30093K, committed 30336K, reserved 31104K

Card table byte_map: [0x05240000,0x05350000] byte_map_base: 0x05216000

Polling page: 0x015d0000

CodeCache: size=32768Kb used=2833Kb max_used=6057Kb free=29934Kb
 bounds [0x031c0000, 0x037b8000, 0x051c0000]
 total_blobs=1664 nmethods=1358 adapters=233
 compilation: enabled

Compilation events (10 events):
Event: 1978.115 Thread 0x26521800 13407             javax.swing.text.StyleContext$SmallAttributeSet::updateResolveParent (49 bytes)
Event: 1978.115 Thread 0x26521800 nmethod 13407 0x032bed08 code [0x032bee10, 0x032bef50]
Event: 1978.116 Thread 0x26521800 13408             javax.swing.text.StyleContext$SmallAttributeSet::isDefined (38 bytes)
Event: 1978.116 Thread 0x26521800 nmethod 13408 0x033c9848 code [0x033c9950, 0x033c9a6c]
Event: 1978.116 Thread 0x26521800 13409             javax.swing.text.AbstractDocument$BranchElement::getStartOffset (10 bytes)
Event: 1978.116 Thread 0x26521800 nmethod 13409 0x0344e7c8 code [0x0344e8d0, 0x0344e98c]
Event: 1978.116 Thread 0x26521800 13410             javax.swing.text.AbstractDocument$BranchElement::getEndOffset (35 bytes)
Event: 1978.117 Thread 0x26521800 nmethod 13410 0x03522688 code [0x03522790, 0x0352287c]
Event: 1978.743 Thread 0x26521800 13411             java.io.WinNTFileSystem::normalize (231 bytes)
Event: 1980.586 Thread 0x26521800 nmethod 13411 0x03561348 code [0x035615f0, 0x03563248]

GC Heap History (10 events):
Event: 1996.383 GC heap before
{Heap before GC invocations=230 (full 214):
 def new generation   total 157248K, used 157246K [0x05400000, 0x0fea0000, 0x0fea0000)
  eden space 139776K,  99% used [0x05400000, 0x0dc7fcb0, 0x0dc80000)
  from space 17472K,  99% used [0x0ed90000, 0x0fe9fde8, 0x0fea0000)
  to   space 17472K,   0% used [0x0dc80000, 0x0dc80000, 0x0ed90000)
 tenured generation   total 349568K, used 349568K [0x0fea0000, 0x25400000, 0x25400000)
   the space 349568K, 100% used [0x0fea0000, 0x25400000, 0x25400000, 0x25400000)
 Metaspace       used 29445K, capacity 30093K, committed 30336K, reserved 31104K
Event: 1996.958 GC heap after
Heap after GC invocations=231 (full 215):
 def new generation   total 157248K, used 157246K [0x05400000, 0x0fea0000, 0x0fea0000)
  eden space 139776K,  99% used [0x05400000, 0x0dc7fcb0, 0x0dc80000)
  from space 17472K,  99% used [0x0ed90000, 0x0fe9fde8, 0x0fea0000)
  to   space 17472K,   0% used [0x0dc80000, 0x0dc80000, 0x0ed90000)
 tenured generation   total 349568K, used 349568K [0x0fea0000, 0x25400000, 0x25400000)
   the space 349568K, 100% used [0x0fea0000, 0x25400000, 0x25400000, 0x25400000)
 Metaspace       used 29445K, capacity 30093K, committed 30336K, reserved 31104K
}
Event: 1996.958 GC heap before
{Heap before GC invocations=231 (full 215):
 def new generation   total 157248K, used 157247K [0x05400000, 0x0fea0000, 0x0fea0000)
  eden space 139776K, 100% used [0x05400000, 0x0dc80000, 0x0dc80000)
  from space 17472K,  99% used [0x0ed90000, 0x0fe9fff8, 0x0fea0000)
  to   space 17472K,   0% used [0x0dc80000, 0x0dc80000, 0x0ed90000)
 tenured generation   total 349568K, used 349568K [0x0fea0000, 0x25400000, 0x25400000)
   the space 349568K, 100% used [0x0fea0000, 0x25400000, 0x25400000, 0x25400000)
 Metaspace       used 29445K, capacity 30093K, committed 30336K, reserved 31104K
Event: 1997.530 GC heap after
Heap after GC invocations=232 (full 216):
 def new generation   total 157248K, used 157245K [0x05400000, 0x0fea0000, 0x0fea0000)
  eden space 139776K,  99% used [0x05400000, 0x0dc7fcd8, 0x0dc80000)
  from space 17472K,  99% used [0x0ed90000, 0x0fe9f948, 0x0fea0000)
  to   space 17472K,   0% used [0x0dc80000, 0x0dc80000, 0x0ed90000)
 tenured generation   total 349568K, used 349568K [0x0fea0000, 0x25400000, 0x25400000)
   the space 349568K, 100% used [0x0fea0000, 0x25400000, 0x25400000, 0x25400000)
 Metaspace       used 29445K, capacity 30093K, committed 30336K, reserved 31104K
}
Event: 1997.530 GC heap before
{Heap before GC invocations=232 (full 216):
 def new generation   total 157248K, used 157247K [0x05400000, 0x0fea0000, 0x0fea0000)
  eden space 139776K, 100% used [0x05400000, 0x0dc80000, 0x0dc80000)
  from space 17472K,  99% used [0x0ed90000, 0x0fe9ffe8, 0x0fea0000)
  to   space 17472K,   0% used [0x0dc80000, 0x0dc80000, 0x0ed90000)
 tenured generation   total 349568K, used 349568K [0x0fea0000, 0x25400000, 0x25400000)
   the space 349568K, 100% used [0x0fea0000, 0x25400000, 0x25400000, 0x25400000)
 Metaspace       used 29445K, capacity 30093K, committed 30336K, reserved 31104K
Event: 1998.103 GC heap after
Heap after GC invocations=233 (full 217):
 def new generation   total 157248K, used 157245K [0x05400000, 0x0fea0000, 0x0fea0000)
  eden space 139776K,  99% used [0x05400000, 0x0dc7fcf8, 0x0dc80000)
  from space 17472K,  99% used [0x0ed90000, 0x0fe9fa58, 0x0fea0000)
  to   space 17472K,   0% used [0x0dc80000, 0x0dc80000, 0x0ed90000)
 tenured generation   total 349568K, used 349568K [0x0fea0000, 0x25400000, 0x25400000)
   the space 349568K, 100% used [0x0fea0000, 0x25400000, 0x25400000, 0x25400000)
 Metaspace       used 29445K, capacity 30093K, committed 30336K, reserved 31104K
}
Event: 1998.104 GC heap before
{Heap before GC invocations=233 (full 217):
 def new generation   total 157248K, used 157247K [0x05400000, 0x0fea0000, 0x0fea0000)
  eden space 139776K, 100% used [0x05400000, 0x0dc80000, 0x0dc80000)
  from space 17472K,  99% used [0x0ed90000, 0x0fe9ff78, 0x0fea0000)
  to   space 17472K,   0% used [0x0dc80000, 0x0dc80000, 0x0ed90000)
 tenured generation   total 349568K, used 349568K [0x0fea0000, 0x25400000, 0x25400000)
   the space 349568K, 100% used [0x0fea0000, 0x25400000, 0x25400000, 0x25400000)
 Metaspace       used 29445K, capacity 30093K, committed 30336K, reserved 31104K
Event: 1998.690 GC heap after
Heap after GC invocations=234 (full 218):
 def new generation   total 157248K, used 157245K [0x05400000, 0x0fea0000, 0x0fea0000)
  eden space 139776K,  99% used [0x05400000, 0x0dc7fea8, 0x0dc80000)
  from space 17472K,  99% used [0x0ed90000, 0x0fe9f8e0, 0x0fea0000)
  to   space 17472K,   0% used [0x0dc80000, 0x0dc80000, 0x0ed90000)
 tenured generation   total 349568K, used 349568K [0x0fea0000, 0x25400000, 0x25400000)
   the space 349568K, 100% used [0x0fea0000, 0x25400000, 0x25400000, 0x25400000)
 Metaspace       used 29445K, capacity 30093K, committed 30336K, reserved 31104K
}
Event: 1998.690 GC heap before
{Heap before GC invocations=234 (full 218):
 def new generation   total 157248K, used 157245K [0x05400000, 0x0fea0000, 0x0fea0000)
  eden space 139776K,  99% used [0x05400000, 0x0dc7fea8, 0x0dc80000)
  from space 17472K,  99% used [0x0ed90000, 0x0fe9f8e0, 0x0fea0000)
  to   space 17472K,   0% used [0x0dc80000, 0x0dc80000, 0x0ed90000)
 tenured generation   total 349568K, used 349568K [0x0fea0000, 0x25400000, 0x25400000)
   the space 349568K, 100% used [0x0fea0000, 0x25400000, 0x25400000, 0x25400000)
 Metaspace       used 29445K, capacity 30093K, committed 30336K, reserved 31104K
Event: 1999.471 GC heap after
Heap after GC invocations=235 (full 219):
 def new generation   total 157248K, used 157244K [0x05400000, 0x0fea0000, 0x0fea0000)
  eden space 139776K,  99% used [0x05400000, 0x0dc7f908, 0x0dc80000)
  from space 17472K,  99% used [0x0ed90000, 0x0fe9f8e0, 0x0fea0000)
  to   space 17472K,   0% used [0x0dc80000, 0x0dc80000, 0x0ed90000)
 tenured generation   total 349568K, used 349567K [0x0fea0000, 0x25400000, 0x25400000)
   the space 349568K,  99% used [0x0fea0000, 0x253ffff8, 0x25400000, 0x25400000)
 Metaspace       used 29445K, capacity 30093K, committed 30336K, reserved 31104K
}

Deoptimization events (0 events):
No events

Classes redefined (0 events):
No events

Internal exceptions (10 events):
Event: 1976.728 Thread 0x284ee000 Exception <a 'java/io/IOException'> (0x0fe8f3f8) thrown at [C:\workspace\8-2-build-windows-i586-cygwin\jdk8u191\11896\hotspot\src\share\vm\prims\jni.cpp, line 709]
Event: 1976.728 Thread 0x284ee000 Exception <a 'java/io/IOException'> (0x0fe8f758) thrown at [C:\workspace\8-2-build-windows-i586-cygwin\jdk8u191\11896\hotspot\src\share\vm\prims\jni.cpp, line 709]
Event: 1976.728 Thread 0x284ee000 Exception <a 'java/io/IOException'> (0x0fe8f9a0) thrown at [C:\workspace\8-2-build-windows-i586-cygwin\jdk8u191\11896\hotspot\src\share\vm\prims\jni.cpp, line 709]
Event: 1986.260 Thread 0x28439000 Exception <a 'java/lang/OutOfMemoryError'> (0x0ff33cd0) thrown at [C:\workspace\8-2-build-windows-i586-cygwin\jdk8u191\11896\hotspot\src\share\vm\gc_interface/collectedHeap.inline.hpp, line 159]
Event: 1988.131 Thread 0x283a6800 Exception <a 'java/lang/OutOfMemoryError'> (0x0ff33cb0) thrown at [C:\workspace\8-2-build-windows-i586-cygwin\jdk8u191\11896\hotspot\src\share\vm\gc_interface/collectedHeap.inline.hpp, line 159]
Event: 1989.974 Thread 0x284f2400 Exception <a 'java/lang/OutOfMemoryError'> (0x0fef8ea8) thrown at [C:\workspace\8-2-build-windows-i586-cygwin\jdk8u191\11896\hotspot\src\share\vm\gc_interface/collectedHeap.inline.hpp, line 159]
Event: 1993.117 Thread 0x284ee000 Exception <a 'java/lang/OutOfMemoryError'> (0x0fef8ea8) thrown at [C:\workspace\8-2-build-windows-i586-cygwin\jdk8u191\11896\hotspot\src\share\vm\gc_interface/collectedHeap.inline.hpp, line 159]
Event: 1993.704 Thread 0x284ee000 Exception <a 'java/lang/OutOfMemoryError'> (0x0fef8ea8) thrown at [C:\workspace\8-2-build-windows-i586-cygwin\jdk8u191\11896\hotspot\src\share\vm\prims\jvm.cpp, line 1439]
Event: 1998.103 Thread 0x28439000 Exception <a 'java/io/IOException'> (0x0fe9f8b0) thrown at [C:\workspace\8-2-build-windows-i586-cygwin\jdk8u191\11896\hotspot\src\share\vm\prims\jni.cpp, line 709]
Event: 1999.471 Thread 0x284f0c00 Exception <a 'java/lang/OutOfMemoryError'> (0x0fef8ea8) thrown at [C:\workspace\8-2-build-windows-i586-cygwin\jdk8u191\11896\hotspot\src\share\vm\gc_interface/collectedHeap.inline.hpp, line 159]

Events (10 events):
Event: 1995.760 Executing VM operation: GenCollectForAllocation done
Event: 1995.760 Executing VM operation: GenCollectForAllocation
Event: 1996.958 Executing VM operation: GenCollectForAllocation done
Event: 1996.958 Executing VM operation: GenCollectForAllocation
Event: 1997.530 Executing VM operation: GenCollectForAllocation done
Event: 1997.530 Executing VM operation: GenCollectForAllocation
Event: 1998.103 Executing VM operation: GenCollectForAllocation done
Event: 1998.103 Executing VM operation: GenCollectForAllocation
Event: 1999.471 Executing VM operation: GenCollectForAllocation done
Event: 1999.471 Executing VM operation: GenCollectForAllocation


Dynamic libraries:
0x001e0000 - 0x00213000 	C:\Program Files (x86)\Arduino\java\bin\javaw.exe
0x77820000 - 0x779ba000 	C:\WINDOWS\SYSTEM32\ntdll.dll
0x754d0000 - 0x755b0000 	C:\WINDOWS\System32\KERNEL32.DLL
0x76ea0000 - 0x7709c000 	C:\WINDOWS\System32\KERNELBASE.dll
0x75640000 - 0x756b9000 	C:\WINDOWS\System32\ADVAPI32.dll
0x77680000 - 0x7773f000 	C:\WINDOWS\System32\msvcrt.dll
0x752f0000 - 0x75366000 	C:\WINDOWS\System32\sechost.dll
0x76780000 - 0x7683b000 	C:\WINDOWS\System32\RPCRT4.dll
0x74ff0000 - 0x75010000 	C:\WINDOWS\System32\SspiCli.dll
0x74fe0000 - 0x74fea000 	C:\WINDOWS\System32\CRYPTBASE.dll
0x75290000 - 0x752ef000 	C:\WINDOWS\System32\bcryptPrimitives.dll
0x757c0000 - 0x75957000 	C:\WINDOWS\System32\USER32.dll
0x775a0000 - 0x775b7000 	C:\WINDOWS\System32\win32u.dll
0x77300000 - 0x77321000 	C:\WINDOWS\System32\GDI32.dll
0x75370000 - 0x754ca000 	C:\WINDOWS\System32\gdi32full.dll
0x76630000 - 0x766ac000 	C:\WINDOWS\System32\msvcp_win.dll
0x75960000 - 0x75a7f000 	C:\WINDOWS\System32\ucrtbase.dll
0x72910000 - 0x72b1f000 	C:\WINDOWS\WinSxS\x86_microsoft.windows.common-controls_6595b64144ccf1df_6.0.18362.535_none_2e70ea1e278c3127\COMCTL32.dll
0x75010000 - 0x75286000 	C:\WINDOWS\System32\combase.dll
0x771d0000 - 0x771f5000 	C:\WINDOWS\System32\IMM32.DLL
0x77af0000 - 0x77baf000 	C:\Program Files (x86)\Arduino\java\bin\msvcr100.dll
0x7b300000 - 0x7b6d3000 	C:\Program Files (x86)\Arduino\java\bin\client\jvm.dll
0x75fc0000 - 0x75fc6000 	C:\WINDOWS\System32\PSAPI.DLL
0x74810000 - 0x74818000 	C:\WINDOWS\SYSTEM32\VERSION.dll
0x746c0000 - 0x746e4000 	C:\WINDOWS\SYSTEM32\WINMM.dll
0x74bb0000 - 0x74bb8000 	C:\WINDOWS\SYSTEM32\WSOCK32.dll
0x74690000 - 0x746b3000 	C:\WINDOWS\SYSTEM32\winmmbase.dll
0x777d0000 - 0x7780b000 	C:\WINDOWS\System32\cfgmgr32.dll
0x77610000 - 0x7766e000 	C:\WINDOWS\System32\WS2_32.dll
0x50040000 - 0x50070000 	C:\Program Files (x86)\Arduino\java\bin\splashscreen.dll
0x72b20000 - 0x72b9a000 	C:\WINDOWS\system32\uxtheme.dll
0x50030000 - 0x5003c000 	C:\Program Files (x86)\Arduino\java\bin\verify.dll
0x50000000 - 0x50022000 	C:\Program Files (x86)\Arduino\java\bin\java.dll
0x770a0000 - 0x771a3000 	C:\WINDOWS\System32\MSCTF.dll
0x77330000 - 0x773c2000 	C:\WINDOWS\System32\OLEAUT32.dll
0x77ad0000 - 0x77ae4000 	C:\Program Files (x86)\Arduino\java\bin\zip.dll
0x77670000 - 0x7767f000 	C:\WINDOWS\System32\kernel.appcore.dll
0x71420000 - 0x714a4000 	C:\WINDOWS\System32\TextInputFramework.dll
0x71130000 - 0x7138e000 	C:\WINDOWS\System32\CoreUIComponents.dll
0x71390000 - 0x71419000 	C:\WINDOWS\System32\CoreMessaging.dll
0x75a80000 - 0x75b04000 	C:\WINDOWS\System32\SHCORE.dll
0x74660000 - 0x74689000 	C:\WINDOWS\SYSTEM32\ntmarta.dll
0x720b0000 - 0x7218a000 	C:\WINDOWS\SYSTEM32\wintypes.dll
0x733f0000 - 0x73619000 	C:\WINDOWS\System32\iertutil.dll
0x760b0000 - 0x7662a000 	C:\WINDOWS\System32\SHELL32.dll
0x76850000 - 0x76e15000 	C:\WINDOWS\System32\windows.storage.dll
0x771b0000 - 0x771c7000 	C:\WINDOWS\System32\profapi.dll
0x75b10000 - 0x75b53000 	C:\WINDOWS\System32\powrprof.dll
0x76840000 - 0x7684d000 	C:\WINDOWS\System32\UMPDC.dll
0x76730000 - 0x76774000 	C:\WINDOWS\System32\shlwapi.dll
0x755b0000 - 0x755c3000 	C:\WINDOWS\System32\cryptsp.dll
0x61940000 - 0x619b3000 	C:\Program Files (x86)\Arduino\lib\listSerialsj.dll
0x75b60000 - 0x75fa9000 	C:\WINDOWS\System32\SETUPAPI.dll
0x76710000 - 0x76729000 	C:\WINDOWS\System32\bcrypt.dll
0x77ab0000 - 0x77acd000 	C:\Program Files (x86)\Arduino\lib\jnidispatch-4.2.2-win32-x86.dll
0x756c0000 - 0x757b7000 	C:\WINDOWS\System32\Ole32.dll
0x77a90000 - 0x77aa5000 	C:\Program Files (x86)\Arduino\java\bin\net.dll
0x745d0000 - 0x74622000 	C:\WINDOWS\system32\mswsock.dll
0x77a80000 - 0x77a8f000 	C:\Program Files (x86)\Arduino\java\bin\nio.dll
0x7b1b0000 - 0x7b2f7000 	C:\Program Files (x86)\Arduino\java\bin\awt.dll
0x74530000 - 0x745cf000 	C:\WINDOWS\SYSTEM32\apphelp.dll
0x741c0000 - 0x741e5000 	C:\WINDOWS\system32\DWMAPI.DLL
0x77a40000 - 0x77a79000 	C:\Program Files (x86)\Arduino\java\bin\fontmanager.dll
0x7c1b0000 - 0x7c2af000 	C:\WINDOWS\system32\opengl32.dll
0x77a00000 - 0x77a3f000 	C:\WINDOWS\SYSTEM32\GLU32.dll
0x73f90000 - 0x73fa9000 	C:\WINDOWS\SYSTEM32\dxcore.dll
0x779c0000 - 0x779f2000 	C:\Program Files (x86)\Arduino\java\bin\t2k.dll
0x74630000 - 0x74653000 	C:\WINDOWS\SYSTEM32\DEVOBJ.dll
0x775c0000 - 0x77606000 	C:\WINDOWS\System32\WINTRUST.dll
0x755d0000 - 0x755de000 	C:\WINDOWS\System32\MSASN1.dll
0x77200000 - 0x772fb000 	C:\WINDOWS\System32\CRYPT32.dll
0x74bc0000 - 0x74bf2000 	C:\WINDOWS\SYSTEM32\IPHLPAPI.DLL
0x75ff0000 - 0x75ff7000 	C:\WINDOWS\System32\NSI.dll
0x737e0000 - 0x737f3000 	C:\WINDOWS\SYSTEM32\dhcpcsvc6.DLL
0x737c0000 - 0x737d5000 	C:\WINDOWS\SYSTEM32\dhcpcsvc.DLL
0x74120000 - 0x741b1000 	C:\WINDOWS\SYSTEM32\DNSAPI.dll
0x74020000 - 0x74028000 	C:\Windows\System32\rasadhlp.dll
0x73fb0000 - 0x74001000 	C:\WINDOWS\System32\fwpuclnt.dll
0x7bb90000 - 0x7bbf9000 	C:\Program Files (x86)\Arduino\msvcp100.dll
0x7ba40000 - 0x7bafe000 	C:\Program Files (x86)\Arduino\msvcr100.dll
0x27f40000 - 0x27f72000 	C:\Program Files (x86)\Arduino\lib\AStylej.dll
0x7bc30000 - 0x7bc56000 	C:\Program Files (x86)\Arduino\java\bin\jpeg.dll
0x7bc00000 - 0x7bc24000 	C:\Program Files (x86)\Arduino\java\bin\dcpr.dll
0x743a0000 - 0x7442d000 	C:\WINDOWS\WinSxS\x86_microsoft.windows.common-controls_6595b64144ccf1df_5.82.18362.535_none_71d34ef55ae7618e\comctl32.dll
0x76e20000 - 0x76ea0000 	C:\WINDOWS\System32\clbcatq.dll
0x74730000 - 0x747f5000 	C:\WINDOWS\system32\propsys.dll
0x7bd60000 - 0x7bd73000 	C:\WINDOWS\system32\NetworkExplorer.dll
0x722c0000 - 0x72429000 	C:\WINDOWS\SYSTEM32\WindowsCodecs.dll
0x721b0000 - 0x721fa000 	C:\Windows\System32\thumbcache.dll
0x61db0000 - 0x61e23000 	C:\WINDOWS\SYSTEM32\policymanager.dll
0x69760000 - 0x697c5000 	C:\WINDOWS\SYSTEM32\msvcp110_win.dll
0x742e0000 - 0x742f8000 	C:\WINDOWS\SYSTEM32\MPR.dll
0x7bd80000 - 0x7bd89000 	C:\WINDOWS\System32\drprov.dll
0x738b0000 - 0x738f9000 	C:\WINDOWS\System32\WINSTA.dll
0x7bd90000 - 0x7bda2000 	C:\WINDOWS\System32\ntlanman.dll
0x7bdb0000 - 0x7bdc9000 	C:\WINDOWS\System32\davclnt.dll
0x7bdd0000 - 0x7bdda000 	C:\WINDOWS\System32\DAVHLPR.dll
0x73850000 - 0x73860000 	C:\WINDOWS\System32\wkscli.dll
0x73640000 - 0x7364e000 	C:\WINDOWS\SYSTEM32\cscapi.dll
0x74720000 - 0x7472b000 	C:\WINDOWS\System32\netutils.dll
0x7b720000 - 0x7b763000 	C:\Windows\System32\dlnashext.dll
0x7bde0000 - 0x7be29000 	C:\Windows\System32\PlayToDevice.dll
0x7b770000 - 0x7b78b000 	C:\Windows\System32\DevDispItemProvider.dll
0x70860000 - 0x708c2000 	C:\WINDOWS\System32\MMDevApi.dll
0x7b790000 - 0x7b81c000 	C:\WINDOWS\system32\wpdshext.dll
0x63b40000 - 0x63ca9000 	C:\WINDOWS\WinSxS\x86_microsoft.windows.gdiplus_6595b64144ccf1df_1.1.18362.535_none_5f5bdd03821eaaf5\gdiplus.dll
0x7b820000 - 0x7b8a3000 	C:\Windows\System32\PortableDeviceApi.dll
0x7b8b0000 - 0x7b8f0000 	C:\WINDOWS\system32\audiodev.dll
0x7be30000 - 0x7c03d000 	C:\WINDOWS\system32\WMVCore.DLL
0x7b8f0000 - 0x7b9f6000 	C:\WINDOWS\system32\mfperfhelper.dll
0x7c040000 - 0x7c07d000 	C:\WINDOWS\system32\WMASF.DLL
0x551d0000 - 0x551db000 	C:\WINDOWS\SYSTEM32\LINKINFO.dll
0x73810000 - 0x7381a000 	C:\WINDOWS\SYSTEM32\Secur32.dll
0x6c620000 - 0x6c635000 	C:\WINDOWS\SYSTEM32\samcli.dll
0x71e90000 - 0x71ea9000 	C:\WINDOWS\SYSTEM32\SAMLIB.dll
0x728d0000 - 0x72901000 	C:\WINDOWS\system32\dataexchange.dll
0x714b0000 - 0x7168e000 	C:\WINDOWS\system32\d3d11.dll
0x71690000 - 0x717f9000 	C:\WINDOWS\system32\dcomp.dll
0x74030000 - 0x740f1000 	C:\WINDOWS\system32\dxgi.dll
0x71be0000 - 0x71dc4000 	C:\WINDOWS\system32\twinapi.appcore.dll
0x71e70000 - 0x71e8f000 	C:\WINDOWS\system32\RMCLIENT.dll
0x030b0000 - 0x030b7000 	C:\Program Files (x86)\Internet Download Manager\idmmkb.dll
0x64000000 - 0x6401b000 	C:\Users\inalix\.jssc\windows\jSSC-2.8_x86.dll
0x7c080000 - 0x7c0a0000 	C:\Program Files (x86)\Arduino\java\bin\sunec.dll
0x746f0000 - 0x7471f000 	C:\WINDOWS\system32\rsaenh.dll
0x74a20000 - 0x74a3e000 	C:\WINDOWS\SYSTEM32\USERENV.dll
0x7c0a0000 - 0x7c0a9000 	C:\Program Files (x86)\Arduino\java\bin\sunmscapi.dll
0x74890000 - 0x74a1f000 	C:\WINDOWS\SYSTEM32\dbghelp.dll

VM Arguments:
jvm_args: -Dsun.java2d.d3d=false -Djna.nosys=true -Djna.nounpack=true -Djna.boot.library.name=jnidispatch-4.2.2-win32-x86 -Djna.boot.library.path=C:\Program Files (x86)\Arduino/lib -Djssc.library.path=C:\Program Files (x86)\Arduino/lib -DAPP_DIR=C:\Program Files (x86)\Arduino -Xms128M -Xmx512M -Dfile.encoding=UTF8 
java_command: processing.app.Base D:\workspace\Arduino\RFID CARD\RFID_OK\RFID_OK.ino
java_class_path (initial): C:\Program Files (x86)\Arduino\lib\apple.jar;C:\Program Files (x86)\Arduino\lib\arduino-core.jar;C:\Program Files (x86)\Arduino\lib\batik-1.8.jar;C:\Program Files (x86)\Arduino\lib\batik-anim-1.8.jar;C:\Program Files (x86)\Arduino\lib\batik-awt-util-1.8.jar;C:\Program Files (x86)\Arduino\lib\batik-bridge-1.8.jar;C:\Program Files (x86)\Arduino\lib\batik-codec-1.8.jar;C:\Program Files (x86)\Arduino\lib\batik-css-1.8.jar;C:\Program Files (x86)\Arduino\lib\batik-dom-1.8.jar;C:\Program Files (x86)\Arduino\lib\batik-ext-1.8.jar;C:\Program Files (x86)\Arduino\lib\batik-gvt-1.8.jar;C:\Program Files (x86)\Arduino\lib\batik-parser-1.8.jar;C:\Program Files (x86)\Arduino\lib\batik-rasterizer-1.8.jar;C:\Program Files (x86)\Arduino\lib\batik-script-1.8.jar;C:\Program Files (x86)\Arduino\lib\batik-squiggle-1.8.jar;C:\Program Files (x86)\Arduino\lib\batik-svg-dom-1.8.jar;C:\Program Files (x86)\Arduino\lib\batik-svgpp-1.8.jar;C:\Program Files (x86)\Arduino\lib\batik-transcoder-1.8.jar;C:\Program Files (x86)\Arduino\lib\batik-util-1.8.jar;C:\Program Files (x86)\Arduino\lib\batik-xml-1.8.jar;C:\Program Files (x86)\Arduino\lib\bcpg-jdk15on-152.jar;C:\Program Files (x86)\Arduino\lib\bcprov-jdk15on-152.jar;C:\Program Files (x86)\Arduino\lib\commons-codec-1.7.jar;C:\Program Files (x86)\Arduino\lib\commons-compress-1.8.jar;C:\Program Files (x86)\Arduino\lib\commons-exec-1.1.jar;C:\Program Files (x86)\Arduino\lib\commons-httpclient-3.1.jar;C:\Program Files (x86)\Arduino\lib\commons-lang3-3.3.2.jar;C:\Program Files (x86)\Arduino\lib\commons-logging-1.0.4.jar;C:\Program Files (x86)\Arduino\lib\commons-net-3.3.jar;C:\Program Files (x86)\Arduino\lib\jackson-annotations-2.9.5.jar;C:\Program Files (x86)\Arduino\lib\jackson-core-2.9.5.jar;C:\Program Files (x86)\Arduino\lib\jackson-databind-2.9.5.jar;C:\Program Files (x86)\Arduino\lib\jackson-module-mrbean-2.9.5.jar;C:\Program Files (x86)\Arduino\lib\java-semver-0.8.0.jar;C:\Program Files (x86)\Arduino\lib\jmdns-3.5.3.j
Launcher Type: SUN_STANDARD

Environment Variables:
PATH=C:\ares-cli\bin;C:\webOS_TV_SDK\\CLI\\bin;C:\Program Files (x86)\Common Files\Intel\Shared Files\cpp\bin\Intel64;C:\Program Files (x86)\Intel\iCLS Client\;C:\Program Files\Intel\iCLS Client\;C:\windows\system32;C:\windows;C:\windows\System32\Wbem;C:\windows\System32\WindowsPowerShell\v1.0\;C:\Program Files (x86)\Intel\Intel(R) Management Engine Components\DAL;C:\Program Files\Intel\Intel(R) Management Engine Components\DAL;C:\Program Files (x86)\Intel\Intel(R) Management Engine Components\IPT;C:\Program Files\Intel\Intel(R) Management Engine Components\IPT;C:\Program Files (x86)\NVIDIA Corporation\PhysX\Common;C:\WINDOWS\system32;C:\WINDOWS;C:\WINDOWS\System32\Wbem;C:\WINDOWS\System32\WindowsPowerShell\v1.0\;C:\WINDOWS\System32\OpenSSH\;C:\Program Files\PuTTY\;C:\Program Files (x86)\IVI Foundation\VISA\WinNT\Bin;C:\Program Files (x86)\Mitov\Visuino;C:\Program Files\Oracle\VirtualBox;C:\Users\inalix\AppData\Local\Microsoft\WindowsApps;C:\Program Files\SDCC\bin;%SystemRoot%\system32;%SystemRoot%;%SystemRoot%\System32\Wbem;%SYSTEMROOT%\System32\WindowsPowerShell\v1.0\;%SYSTEMROOT%\System32\OpenSSH\;C:\Users\inalix\AppData\Local\Microsoft\WindowsApps;C:\Program Files\SDCC\bin;;C:\Program Files (x86)\Arduino\java\bin
USERNAME=inalix
OS=Windows_NT
PROCESSOR_IDENTIFIER=Intel64 Family 6 Model 142 Stepping 9, GenuineIntel



---------------  S Y S T E M  ---------------

OS: Windows 10.0 , 64 bit Build 18362 (10.0.18362.329)

CPU:total 4 (initial active 4) (2 cores per cpu, 2 threads per core) family 6 model 142 stepping 9, cmov, cx8, fxsr, mmx, sse, sse2, sse3, ssse3, sse4.1, sse4.2, popcnt, avx, avx2, aes, clmul, erms, 3dnowpref, lzcnt, ht, tsc, tscinvbit, bmi1, bmi2, adx

Memory: 4k page, physical 8303524k(1693732k free), swap 12759972k(3433852k free)

vm_info: Java HotSpot(TM) Client VM (25.191-b12) for windows-x86 JRE (1.8.0_191-b12), built on Oct  6 2018 08:34:23 by "java_re" with MS VC++ 10.0 (VS2010)

time: Tue Jan 14 17:55:44 2020
elapsed time: 1999 seconds (0d 0h 33m 19s)

